<?xml version="1.0" encoding="UTF-8"?>
<!-- Generated by org.testng.reporters.JUnitReportReporter -->
<testsuite skipped="0" hostname="DESKTOP-KFO17RS" name="pluralsight.m3.SearchTest" tests="1" failures="0" timestamp="23 Oct 2020 12:43:18 GMT" time="5.090" errors="0">
  <testcase name="basicFilterByTest" time="5.090" classname="pluralsight.m3.SearchTest"/>
</testsuite> <!-- pluralsight.m3.SearchTest -->
