<?xml version="1.0" encoding="UTF-8"?>
<!-- Generated by org.testng.reporters.JUnitReportReporter -->
<testsuite skipped="0" hostname="DESKTOP-KFO17RS" name="pluralsight.testcase.SearchTest" tests="1" failures="0" timestamp="23 Oct 2020 12:53:40 GMT" time="5.042" errors="0">
  <testcase name="basicFilterByTest" time="5.042" classname="pluralsight.testcase.SearchTest"/>
</testsuite> <!-- pluralsight.testcase.SearchTest -->
