<?xml version="1.0" encoding="UTF-8"?>
<!-- Generated by org.testng.reporters.JUnitReportReporter -->
<testsuite skipped="0" hostname="DESKTOP-KFO17RS" name="pluralsight.testcase.SearchTest" tests="1" failures="0" timestamp="23 Oct 2020 12:59:43 GMT" time="9.584" errors="0">
  <testcase name="basicFilterByTest" time="9.584" classname="pluralsight.testcase.SearchTest"/>
</testsuite> <!-- pluralsight.testcase.SearchTest -->
